TN:
SF:scr/diffFunc.js
FN:3,genDiff1
FNF:1
FNH:1
FNDA:1,genDiff1
DA:1,1
DA:2,1
DA:3,1
DA:4,1
DA:5,1
DA:6,1
DA:7,1
DA:8,5
DA:9,5
DA:10,5
DA:11,1
DA:12,5
DA:13,2
DA:14,2
DA:15,1
DA:16,1
DA:17,1
DA:18,1
DA:19,5
DA:20,1
DA:21,1
DA:22,1
LF:22
LH:22
BRDA:3,0,0,1
BRDA:7,1,0,5
BRDA:10,2,0,1
BRDA:12,3,0,4
BRDA:12,4,0,2
BRDA:14,5,0,1
BRF:6
BRH:6
end_of_record
TN:
SF:scr/index.js
FN:5,getPath
FN:6,readFile
FN:8,genDiff
FNF:3
FNH:3
FNDA:2,getPath
FNDA:2,readFile
FNDA:1,genDiff
DA:1,1
DA:2,1
DA:3,1
DA:4,1
DA:5,1
DA:6,1
DA:7,1
DA:8,1
DA:9,1
DA:10,1
DA:11,1
DA:12,1
DA:13,1
DA:14,1
DA:15,1
DA:16,1
LF:16
LH:16
BRDA:5,0,0,2
BRDA:6,1,0,2
BRDA:8,2,0,1
BRF:3
BRH:3
end_of_record
